Arguments: 
  C:\Program Files\nodejs\node.exe C:\Users\s049902\AppData\Roaming\npm\node_modules\yarn\bin\yarn.js prod-watch

PATH: 
  C:\Program Files\Git\mingw64\bin;C:\Program Files\Git\usr\bin;C:\Users\s049902\bin;C:\Program Files (x86)\Common Files\Oracle\Java\javapath;C:\WINDOWS\system32;C:\WINDOWS;C:\WINDOWS\System32\Wbem;C:\WINDOWS\System32\WindowsPowerShell\v1.0;C:\Program Files (x86)\Enterprise Vault\EVClient;C:\WINDOWS\System32\OpenSSH;C:\Program Files\dotnet;C:\Program Files\Microsoft SQL Server\130\Tools\Binn;C:\Program Files\SysInternals;C:\wamp64\bin\php\php7.2.10;C:\wamp64\bin\php\php5.6.38;C:\wamp64\bin\mysql\mysql5.7.23\bin;C:\ProgramData\ComposerSetup\bin;C:\Users\s049902\AppData\Roaming\Composer\vendor\bin;C:\Program Files\Git LFS;C:\Program Files\nodejs;C:\Program Files (x86)\firstobject;C:\Program Files\Git\cmd;C:\Program Files\Apache Software Foundation\apache-ant-1.10.5\bin;C:\Users\s049902\AppData\Local\Microsoft\WindowsApps;C:\Users\s049902\AppData\Local\Programs\Microsoft VS Code\bin;C:\Users\s049902\AppData\Local\atom\bin;C:\Users\s049902\AppData\Roaming\npm

Yarn version: 
  1.12.3

Node version: 
  11.2.0

Platform: 
  win32 x64

Trace: 
  SyntaxError: C:\GIT\Github\skywestairlines\www.miniindy.org\stage\package.json: Unexpected string in JSON at position 680
      at JSON.parse (<anonymous>)
      at C:\Users\s049902\AppData\Roaming\npm\node_modules\yarn\lib\cli.js:1631:59
      at Generator.next (<anonymous>)
      at step (C:\Users\s049902\AppData\Roaming\npm\node_modules\yarn\lib\cli.js:304:30)
      at C:\Users\s049902\AppData\Roaming\npm\node_modules\yarn\lib\cli.js:315:13

npm manifest: 
  {
      "name": "skywestairlines-ss-site",
      "private": true,
      "scripts": {
          "dev": "npm run development",
          "development": "cross-env NODE_ENV=development node_modules/webpack/bin/webpack.js --progress --hide-modules --config=node_modules/webpack-mix/setup/webpack.config.js",
          "watch": "npm run development -- --watch",
          "watch-poll": "npm run watch -- --watch-poll",
          "hot": "cross-env NODE_ENV=development node_modules/webpack-dev-server/bin/webpack-dev-server.js --inline --hot --config=node_modules/webpack-mix/setup/webpack.config.js",
          "prod": "npm run production",
          "prod-watch": "npm run production -- --watch"
          "production": "cross-env NODE_ENV=production node_modules/webpack/bin/webpack.js --no-progress --hide-modules --config=node_modules/webpack-mix/setup/webpack.config.js"
      },
      "devDependencies": {
          "animate": "^1.0.0",
          "axios": "^0.18.0",
          "bootstrap": "^4.1.3",
          "cross-env": "^5.2.0",
          "highcharts": "^7.0.0",
          "jquery": "^3.3.1",
          "lodash": "^4.17.11",
          "materialize-css": "^1.0.0",
          "popper.js": "^1.14.6",
          "vue": "^2.5.21",
          "webpack-mix": "^2.0.2"
      }
  }

yarn manifest: 
  No manifest

Lockfile: 
  No lockfile
